40
0 L 0 48 1
0 D 20 48 1
1 L 0 350 1
1 D 73 350 1
2 L 0 404 1
2 D 124 404 1
3 L 0 659 1
3 D 172 659 1
4 L 0 558 1
4 D 175 558 1
5 L 0 862 1
5 D 191 862 1
6 L 0 452 1
6 D 216 452 1
7 L 0 684 1
7 D 231 684 1
8 L 0 233 1
8 D 233 233 1
9 L 0 338 1
9 D 297 338 1
10 L 0 683 1
10 D 326 683 1
11 L 0 548 1
11 D 338 548 1
12 L 0 759 1
12 D 371 759 1
13 L 0 889 1
13 D 465 889 1
14 L 0 277 1
14 D 503 277 1
15 L 0 992 1
15 D 504 992 1
16 L 0 653 1
16 D 531 653 1
17 L 0 382 1
17 D 559 382 1
18 L 0 228 1
18 D 568 228 1
19 L 0 615 1
19 D 706 615 1
